2021/11/22 09:11:01.997;FrmLinkTagRead;tmrReadRFID_Tick;RFID????;?EPC?323131313139303030303031
2021/11/22 09:11:05.281;FrmLinkTagRead;tmrReadRFID_Tick;RFID????;?EPC?4F422275334835423F532C35
2021/11/22 09:11:05.320;FrmLinkTagRead;tmrReadRFID_Tick;RFID????;?EPC?E2801160600002138204E59C
2021/11/22 09:11:05.361;FrmLinkTagRead;tmrReadRFID_Tick;RFID????;?EPC?E2801160600002138204E55D
2021/11/22 09:11:05.401;FrmLinkTagRead;tmrReadRFID_Tick;RFID????;?EPC?E2801160600002138204E5AD
2021/11/22 09:11:05.441;FrmLinkTagRead;tmrReadRFID_Tick;RFID????;?EPC?4230312E3030312E3030312F
2021/11/22 09:26:35.847;FrmLinkTagRead;tmrReadRFID_Tick;RFID????;?EPC?323131313139303030303031
2021/11/22 09:29:27.101;FrmLinkTagRead;tmrReadRFID_Tick;RFID????;?EPC?323131313139303030303031
2021/11/22 09:41:01.939;FrmLinkTagRead;tmrReadRFID_Tick;RFID????;?EPC?323131313139303030303031
2021/11/22 09:41:05.225;FrmLinkTagRead;tmrReadRFID_Tick;RFID????;?EPC?4F422275334835423F532C35
2021/11/22 09:41:05.264;FrmLinkTagRead;tmrReadRFID_Tick;RFID????;?EPC?E2801160600002138204E55D
2021/11/22 09:41:05.305;FrmLinkTagRead;tmrReadRFID_Tick;RFID????;?EPC?E2801160600002138204E59C
2021/11/22 09:41:05.345;FrmLinkTagRead;tmrReadRFID_Tick;RFID????;?EPC?E2801160600002138204E5AD
2021/11/22 09:41:05.385;FrmLinkTagRead;tmrReadRFID_Tick;RFID????;?EPC?4230312E3030312E3030312F
2021/11/22 09:43:34.688;FrmLinkTagRead;tmrReadRFID_Tick;RFID????;?EPC?323131313139303030303031
2021/11/22 09:43:55.917;FrmLinkTagRead;tmrReadRFID_Tick;RFID????;?EPC?E2801160600002138204E5AD
2021/11/22 09:45:08.154;FrmLinkTagRead;tmrReadRFID_Tick;RFID????;?EPC?323131313139303030303031
2021/11/22 09:45:11.440;FrmLinkTagRead;tmrReadRFID_Tick;RFID????;?EPC?E2801160600002138204E5AD
2021/11/22 09:45:34.114;FrmLinkTagRead;tmrReadRFID_Tick;RFID????;?EPC?323131313139303030303031
2021/11/22 09:45:38.485;FrmLinkTagRead;tmrReadRFID_Tick;RFID????;?EPC?E2801160600002138204E5AD
2021/11/22 09:45:52.079;FrmLinkTagRead;tmrReadRFID_Tick;RFID????;?EPC?323131313139303030303031
2021/11/22 09:45:52.119;FrmLinkTagRead;tmrReadRFID_Tick;RFID????;?EPC?E2801160600002138204E5AD
2021/11/22 09:46:00.418;FrmLinkTagRead;tmrReadRFID_Tick;RFID????;?EPC?323131313139303030303031
2021/11/22 09:46:21.268;FrmLinkTagRead;tmrReadRFID_Tick;RFID????;?EPC?E2801160600002138204E5AD
2021/11/22 09:46:31.314;FrmLinkTagRead;tmrReadRFID_Tick;RFID????;?EPC?323131313139303030303031
2021/11/22 09:46:38.771;FrmLinkTagRead;tmrReadRFID_Tick;RFID????;?EPC?E2801160600002138204E5AD
2021/11/22 09:46:42.561;FrmLinkTagRead;tmrReadRFID_Tick;RFID????;?EPC?323131313139303030303031
2021/11/22 09:46:42.601;FrmLinkTagRead;tmrReadRFID_Tick;RFID????;?EPC?E2801160600002138204E5AD
2021/11/22 09:46:44.766;FrmLinkTagRead;tmrReadRFID_Tick;RFID????;?EPC?E2801160600002138204E55D
2021/11/22 09:46:44.806;FrmLinkTagRead;tmrReadRFID_Tick;RFID????;?EPC?4230312E3030312E3030312F
2021/11/22 09:46:44.847;FrmLinkTagRead;tmrReadRFID_Tick;RFID????;?EPC?E2801160600002138204E59C
2021/11/22 09:46:44.887;FrmLinkTagRead;tmrReadRFID_Tick;RFID????;?EPC?4F422275334835423F532C35
2021/11/22 09:50:13.532;FrmLinkTagRead;tmrReadRFID_Tick;RFID????;?EPC?323131313139303030303031
2021/11/22 09:50:16.778;FrmLinkTagRead;tmrReadRFID_Tick;RFID????;?EPC?E2801160600002138204E5AD
2021/11/22 09:51:00.205;FrmLinkTagRead;tmrReadRFID_Tick;RFID????;?EPC?323131313139303030303031
2021/11/22 09:51:03.411;FrmLinkTagRead;tmrReadRFID_Tick;RFID????;?EPC?E2801160600002138204E5AD
2021/11/22 09:51:11.130;FrmLinkTagRead;tmrReadRFID_Tick;RFID????;?EPC?E2801160600002138204E5AD
2021/11/22 09:51:11.170;FrmLinkTagRead;tmrReadRFID_Tick;RFID????;?EPC?323131313139303030303031
2021/11/22 09:51:25.304;FrmLinkTagRead;tmrReadRFID_Tick;RFID????;?EPC?323131313139303030303031
2021/11/22 09:51:27.430;FrmLinkTagRead;tmrReadRFID_Tick;RFID????;?EPC?E2801160600002138204E5AD
2021/11/22 09:51:45.051;FrmLinkTagRead;tmrReadRFID_Tick;RFID????;?EPC?323131313139303030303031
2021/11/22 09:51:48.781;FrmLinkTagRead;tmrReadRFID_Tick;RFID????;?EPC?E2801160600002138204E5AD
2021/11/22 09:52:01.572;FrmLinkTagRead;tmrReadRFID_Tick;RFID????;?EPC?4230312E3030312E3030312F
2021/11/22 09:52:01.612;FrmLinkTagRead;tmrReadRFID_Tick;RFID????;?EPC?E2801160600002138204E55D
2021/11/22 09:52:01.652;FrmLinkTagRead;tmrReadRFID_Tick;RFID????;?EPC?4F422275334835423F532C35
2021/11/22 09:52:01.692;FrmLinkTagRead;tmrReadRFID_Tick;RFID????;?EPC?E2801160600002138204E59C
2021/11/22 09:52:05.902;FrmLinkTagRead;tmrReadRFID_Tick;RFID????;?EPC?E2801160600002138204E55D
2021/11/22 09:52:05.942;FrmLinkTagRead;tmrReadRFID_Tick;RFID????;?EPC?323131313139303030303031
2021/11/22 09:52:05.982;FrmLinkTagRead;tmrReadRFID_Tick;RFID????;?EPC?4230312E3030312E3030312F
2021/11/22 09:52:06.023;FrmLinkTagRead;tmrReadRFID_Tick;RFID????;?EPC?E2801160600002138204E59C
2021/11/22 09:52:06.063;FrmLinkTagRead;tmrReadRFID_Tick;RFID????;?EPC?4F422275334835423F532C35
2021/11/22 09:52:09.311;FrmLinkTagRead;tmrReadRFID_Tick;RFID????;?EPC?E2801160600002138204E5AD
2021/11/22 09:56:19.798;FrmLinkTagRead;tmrReadRFID_Tick;RFID????;?EPC?E2801160600002138204E5AD
2021/11/22 09:56:19.836;FrmLinkTagRead;tmrReadRFID_Tick;RFID????;?EPC?4F422275334835423F532C35
2021/11/22 09:56:19.876;FrmLinkTagRead;tmrReadRFID_Tick;RFID????;?EPC?323131313139303030303031
2021/11/22 10:13:32.490;FrmLinkTagRead;tmrReadRFID_Tick;RFID????;?EPC?323131313139303030303031
2021/11/22 10:14:12.977;FrmLinkTagRead;tmrReadRFID_Tick;RFID????;?EPC?E2801160600002138204E5AD
2021/11/22 10:18:35.040;FrmLinkTagRead;tmrReadRFID_Tick;RFID????;?EPC?E2801160600002138204E5AD
2021/11/22 10:29:55.681;FrmLinkTagRead;tmrReadRFID_Tick;RFID????;?EPC?E2801160600002138204E5AD
2021/11/22 10:31:25.192;FrmLinkTagRead;tmrReadRFID_Tick;RFID????;?EPC?E2801160600002138204E5AD
2021/11/22 11:19:21.955;FrmLinkTagRead;tmrReadRFID_Tick;RFID????;?EPC?E2801160600002138204E55D
2021/11/22 16:21:22.273;FrmLinkTagRead;tmrReadRFID_Tick;RFID????;?EPC?323131313139303030303031
2021/11/22 16:22:24.321;FrmLinkTagRead;tmrReadRFID_Tick;RFID????;?EPC?323131313139303030303031
2021/11/22 16:24:57.575;FrmLinkTagRead;tmrReadRFID_Tick;RFID????;?EPC?323131313139303030303031
2021/11/22 16:27:30.312;FrmLinkTagRead;tmrReadRFID_Tick;RFID????;?EPC?E2801160600002138204E59C
2021/11/22 16:36:20.639;FrmLinkTagRead;tmrReadRFID_Tick;RFID????;?EPC?323131313139303030303031
2021/11/22 16:50:27.759;FrmLinkTagRead;tmrReadRFID_Tick;RFID????;?EPC?E2801160600002138204E5AD
2021/11/22 16:51:12.310;FrmLinkTagRead;tmrReadRFID_Tick;RFID????;?EPC?323131313139303030303031
2021/11/22 16:51:37.455;FrmLinkTagRead;tmrReadRFID_Tick;RFID????;?EPC?E2801160600002138204E5AD
2021/11/22 17:43:39.351;FrmLinkTagRead;tmrReadRFID_Tick;RFID????;?EPC?323131313139303030303031
2021/11/22 17:44:30.515;FrmLinkTagRead;tmrReadRFID_Tick;RFID????;?EPC?323131313139303030303031
2021/11/22 17:44:59.064;FrmLinkTagRead;tmrReadRFID_Tick;RFID????;?EPC?323131313139303030303031
2021/11/22 17:45:26.308;FrmLinkTagRead;tmrReadRFID_Tick;RFID????;?EPC?323131313232303030303032
2021/11/22 17:45:28.453;FrmLinkTagRead;tmrReadRFID_Tick;RFID????;?EPC?323131313232303030303032
2021/11/22 17:45:38.437;FrmLinkTagRead;tmrReadRFID_Tick;RFID????;?EPC?E2801160600002138204E5AD
2021/11/22 17:45:41.083;FrmLinkTagRead;tmrReadRFID_Tick;RFID????;?EPC?E2801160600002138204E55D
2021/11/22 17:45:41.645;FrmLinkTagRead;tmrReadRFID_Tick;RFID????;?EPC?4230312E3030312E3030312F
2021/11/22 17:45:42.206;FrmLinkTagRead;tmrReadRFID_Tick;RFID????;?EPC?E2801160600002138204E59C
