2021/11/19 09:45:21.733;FrmLinkTagRead;tmrReadRFID_Tick;RFID????;?EPC?E2801160600002138203957F
2021/11/19 09:45:21.770;FrmLinkTagRead;tmrReadRFID_Tick;RFID????;?EPC?E2801160600002138203D13F
2021/11/19 09:45:26.542;FrmLinkTagRead;tmrReadRFID_Tick;RFID????;?EPC?303030303030303030303030
2021/11/19 09:45:33.438;FrmLinkTagRead;tmrReadRFID_Tick;RFID????;?EPC?E2801160600002138203D12F
2021/11/19 09:46:23.522;FrmLinkTagRead;tmrReadRFID_Tick;RFID????;?EPC?E2801160600002138203957F
2021/11/19 09:46:23.560;FrmLinkTagRead;tmrReadRFID_Tick;RFID????;?EPC?E2801160600002138203D13F
2021/11/19 09:46:23.600;FrmLinkTagRead;tmrReadRFID_Tick;RFID????;?EPC?303030303030303030303030
2021/11/19 09:47:17.693;FrmLinkTagRead;tmrReadRFID_Tick;RFID????;?EPC?E2801160600002138203957F
2021/11/19 09:47:17.731;FrmLinkTagRead;tmrReadRFID_Tick;RFID????;?EPC?303030303030303030303030
2021/11/19 09:47:17.771;FrmLinkTagRead;tmrReadRFID_Tick;RFID????;?EPC?E2801160600002138203D13F
2021/11/19 09:47:23.144;FrmLinkTagRead;tmrReadRFID_Tick;RFID????;?EPC?000000000000211029000005
2021/11/19 09:49:04.089;FrmLinkTagRead;tmrReadRFID_Tick;RFID????;?EPC?303030303030303030303030
2021/11/19 10:01:31.673;FrmLinkTagRead;tmrReadRFID_Tick;RFID????;?EPC?303030303030303030303030
2021/11/19 10:07:02.211;FrmLinkTagRead;tmrReadRFID_Tick;RFID????;?EPC?303030303030303030303030
2021/11/19 10:08:53.277;FrmLinkTagRead;tmrReadRFID_Tick;RFID????;?EPC?123456789012123456789012
2021/11/19 11:37:27.895;FrmLinkTagRead;tmrReadRFID_Tick;RFID????;?EPC?123456789012123456789012
2021/11/19 13:30:51.741;FrmLinkTagRead;tmrReadRFID_Tick;RFID????;?EPC?123456789012123456789012
2021/11/19 13:31:27.088;FrmLinkTagRead;tmrReadRFID_Tick;RFID????;?EPC?123456789012123456789012
2021/11/19 13:32:15.244;FrmLinkTagRead;tmrReadRFID_Tick;RFID????;?EPC?123456789012123456789012
2021/11/19 13:35:48.278;FrmLinkTagRead;tmrReadRFID_Tick;RFID????;?EPC?123456789012123456789012
2021/11/19 13:36:12.616;FrmLinkTagRead;tmrReadRFID_Tick;RFID????;?EPC?123456789012123456789012
2021/11/19 13:37:59.594;FrmLinkTagRead;tmrReadRFID_Tick;RFID????;?EPC?123456789012123456789012
2021/11/19 13:39:28.930;FrmLinkTagRead;tmrReadRFID_Tick;RFID????;?EPC?123456789012123456789012
2021/11/19 13:40:05.018;FrmLinkTagRead;tmrReadRFID_Tick;RFID????;?EPC?123456789012123456789012
2021/11/19 13:40:42.787;FrmLinkTagRead;tmrReadRFID_Tick;RFID????;?EPC?123456789012123456789012
2021/11/19 13:44:55.778;FrmLinkTagRead;tmrReadRFID_Tick;RFID????;?EPC?123456789012123456789012
2021/11/19 13:49:19.454;FrmLinkTagRead;tmrReadRFID_Tick;RFID????;?EPC?123456789012123456789012
2021/11/19 13:50:31.608;FrmLinkTagRead;tmrReadRFID_Tick;RFID????;?EPC?123456789012123456789012
2021/11/19 14:41:18.658;FrmLinkTagRead;tmrReadRFID_Tick;RFID????;?EPC?123456789012123456789012
2021/11/19 14:42:22.431;FrmLinkTagRead;tmrReadRFID_Tick;RFID????;?EPC?123456789012123456789012
2021/11/19 14:42:47.369;FrmLinkTagRead;tmrReadRFID_Tick;RFID????;?EPC?123456789012123456789012
2021/11/19 14:43:08.440;FrmLinkTagRead;tmrReadRFID_Tick;RFID????;?EPC?123456789012123456789012
2021/11/19 14:49:40.226;FrmLinkTagRead;tmrReadRFID_Tick;RFID????;?EPC?123456789012123456789012
2021/11/19 14:51:42.318;FrmLinkTagRead;tmrReadRFID_Tick;RFID????;?EPC?123456789012123456789012
2021/11/19 14:55:52.101;FrmLinkTagRead;tmrReadRFID_Tick;RFID????;?EPC?123456789012123456789012
2021/11/19 14:56:39.354;FrmLinkTagRead;tmrReadRFID_Tick;RFID????;?EPC?323131313139303030303031
2021/11/19 14:56:48.535;FrmLinkTagRead;tmrReadRFID_Tick;RFID????;?EPC?000000000000211029000005
2021/11/19 14:58:20.565;FrmLinkTagRead;tmrReadRFID_Tick;RFID????;?EPC?323131313139303030303031
2021/11/19 14:58:41.368;FrmLinkTagRead;tmrReadRFID_Tick;RFID????;?EPC?000000000000211029000005
2021/11/19 14:59:03.862;FrmLinkTagRead;tmrReadRFID_Tick;RFID????;?EPC?4230312E3030312E3030312F
2021/11/19 14:59:03.902;FrmLinkTagRead;tmrReadRFID_Tick;RFID????;?EPC?E2801160600002138204E59C
2021/11/19 14:59:03.942;FrmLinkTagRead;tmrReadRFID_Tick;RFID????;?EPC?E2801160600002138204E5AD
2021/11/19 14:59:03.982;FrmLinkTagRead;tmrReadRFID_Tick;RFID????;?EPC?4F422275334835423F532C35
2021/11/19 14:59:04.543;FrmLinkTagRead;tmrReadRFID_Tick;RFID????;?EPC?E2801160600002138204E55D
2021/11/19 15:00:25.840;FrmLinkTagRead;tmrReadRFID_Tick;RFID????;?EPC?000000000000211029000005
2021/11/19 15:00:41.098;FrmLinkTagRead;tmrReadRFID_Tick;RFID????;?EPC?000000000000211029000005
2021/11/19 15:00:41.137;FrmLinkTagRead;tmrReadRFID_Tick;RFID????;?EPC?323131313139303030303031
2021/11/19 15:00:44.866;FrmLinkTagRead;tmrReadRFID_Tick;RFID????;?EPC?E2801160600002138204E55D
2021/11/19 15:01:03.051;FrmLinkTagRead;tmrReadRFID_Tick;RFID????;?EPC?323131313139303030303031
2021/11/19 15:01:08.342;FrmLinkTagRead;tmrReadRFID_Tick;RFID????;?EPC?E2801160600002138204E55D
2021/11/19 15:01:12.112;FrmLinkTagRead;tmrReadRFID_Tick;RFID????;?EPC?000000000000211029000005
2021/11/19 15:32:19.340;FrmLinkTagRead;tmrReadRFID_Tick;RFID????;?EPC?000000000000211029000005
2021/11/19 15:32:19.378;FrmLinkTagRead;tmrReadRFID_Tick;RFID????;?EPC?E2801160600002138204E55D
2021/11/19 15:32:22.586;FrmLinkTagRead;tmrReadRFID_Tick;RFID????;?EPC?323131313139303030303031
2021/11/19 15:35:58.749;FrmLinkTagRead;tmrReadRFID_Tick;RFID????;?EPC?000000000000211029000005
2021/11/19 15:36:04.842;FrmLinkTagRead;tmrReadRFID_Tick;RFID????;?EPC?323131313139303030303031
2021/11/19 15:50:45.129;FrmLinkTagRead;tmrReadRFID_Tick;RFID????;?EPC?323131313139303030303031
2021/11/19 15:50:47.253;FrmLinkTagRead;tmrReadRFID_Tick;RFID????;?EPC?000000000000211029000005
2021/11/19 15:51:49.384;FrmLinkTagRead;tmrReadRFID_Tick;RFID????;?EPC?323131313139303030303031
